<?xml version="1.0" encoding="UTF-8"?>
<testsuite xmlns:xsi="http://www.w3.org/2001/XMLSchema-instance" xsi:noNamespaceSchemaLocation="https://maven.apache.org/surefire/maven-surefire-plugin/xsd/surefire-test-report-3.0.xsd" version="3.0" name="com.tallerdae.cotizador.properties.CalzadoPropertyTest" time="0.245" tests="1" errors="0" skipped="0" failures="0">
  <properties>
[...]
</properties>
  <testcase name="calzadoRetornadoTieneEstructuraCompleta" classname="com.tallerdae.cotizador.properties.CalzadoPropertyTest" time="0.231">
    <system-out><![CDATA[timestamp = 2026-08-21T01:19:40.118708700, CalzadoPropertyTest:calzadoRetornadoTieneEstructuraCompleta = 
                              |-----------------------jqwik-----------------------
tries = 3                     | # of calls to property
checks = 3                    | # of not rejected calls
generation = EXHAUSTIVE       | parameters are exhaustively generated
after-failure = SAMPLE_FIRST  | try previously failed sample, then previous seed
when-fixed-seed = ALLOW       | fixing the random seed is allowed
edge-cases#mode = MIXIN       | edge cases are mixed in
edge-cases#total = 0          | # of all combined edge cases
edge-cases#tried = 0          | # of edge cases tried in current run
seed = -6901174167620593591   | random seed to reproduce generated values


]]></system-out>
  </testcase>
</testsuite>